0 info it worked if it ends with ok
1 verbose cli [ 'F:\\Program Files\\nodejs\\\\node.exe',
1 verbose cli   'F:\\Program Files\\nodejs\\node_modules\\npm\\bin\\npm-cli.js',
1 verbose cli   'install',
1 verbose cli   'node-ip' ]
2 info using npm@1.3.24
3 info using node@v0.10.25
4 verbose node symlink F:\Program Files\nodejs\\node.exe
5 warn package.json cdc-iti@0.0.1 No repository field.
6 warn package.json parseqs@0.0.3 No README data
7 verbose readDependencies using package.json deps
8 verbose cache add [ 'node-ip', null ]
9 verbose cache add name=undefined spec="node-ip" args=["node-ip",null]
10 verbose parsed url { protocol: null,
10 verbose parsed url   slashes: null,
10 verbose parsed url   auth: null,
10 verbose parsed url   host: null,
10 verbose parsed url   port: null,
10 verbose parsed url   hostname: null,
10 verbose parsed url   hash: null,
10 verbose parsed url   search: null,
10 verbose parsed url   query: null,
10 verbose parsed url   pathname: 'node-ip',
10 verbose parsed url   path: 'node-ip',
10 verbose parsed url   href: 'node-ip' }
11 silly lockFile e94cd951-node-ip node-ip
12 verbose lock node-ip F:\Users\fazzman\AppData\Roaming\npm-cache\e94cd951-node-ip.lock
13 silly lockFile e94cd951-node-ip node-ip
14 silly lockFile e94cd951-node-ip node-ip
15 verbose addNamed [ 'node-ip', '' ]
16 verbose addNamed [ null, '*' ]
17 silly lockFile 41ff408c-node-ip node-ip@
18 verbose lock node-ip@ F:\Users\fazzman\AppData\Roaming\npm-cache\41ff408c-node-ip.lock
19 silly addNameRange { name: 'node-ip', range: '*', hasData: false }
20 verbose url raw node-ip
21 verbose url resolving [ 'https://registry.npmjs.org/', './node-ip' ]
22 verbose url resolved https://registry.npmjs.org/node-ip
23 info trying registry request attempt 1 at 15:15:51
24 http GET https://registry.npmjs.org/node-ip
25 http 404 https://registry.npmjs.org/node-ip
26 silly registry.get cb [ 404,
26 silly registry.get   { date: 'Sat, 11 Oct 2014 08:16:00 GMT',
26 silly registry.get     server: 'CouchDB/1.5.0 (Erlang OTP/R16B03)',
26 silly registry.get     'content-type': 'application/json',
26 silly registry.get     'cache-control': 'max-age=0',
26 silly registry.get     'content-length': '52',
26 silly registry.get     'accept-ranges': 'bytes',
26 silly registry.get     via: '1.1 varnish',
26 silly registry.get     'x-served-by': 'cache-lax1427-LAX',
26 silly registry.get     'x-cache': 'MISS',
26 silly registry.get     'x-cache-hits': '0',
26 silly registry.get     'x-timer': 'S1413015360.302191,VS0,VE174',
26 silly registry.get     'keep-alive': 'timeout=10, max=50',
26 silly registry.get     connection: 'Keep-Alive' } ]
27 silly lockFile 41ff408c-node-ip node-ip@
28 silly lockFile 41ff408c-node-ip node-ip@
29 error 404 'node-ip' is not in the npm registry.
29 error 404 You should bug the author to publish it
29 error 404 It was specified as a dependency of 'cdc-iti'
29 error 404
29 error 404 Maybe try 'npm search ip'
29 error 404
29 error 404 Note that you can also install from a
29 error 404 tarball, folder, or http url, or git url.
30 error System Windows_NT 6.2.9200
31 error command "F:\\Program Files\\nodejs\\\\node.exe" "F:\\Program Files\\nodejs\\node_modules\\npm\\bin\\npm-cli.js" "install" "node-ip"
32 error cwd D:\project\cdc
33 error node -v v0.10.25
34 error npm -v 1.3.24
35 error code E404
36 verbose exit [ 1, true ]
